#
# There is insufficient memory for the Java Runtime Environment to continue.
# Native memory allocation (mmap) failed to map 268435456 bytes. Error detail: G1 virtual space
# Possible reasons:
#   The system is out of physical RAM or swap space
#   This process is running with CompressedOops enabled, and the Java Heap may be blocking the growth of the native heap
# Possible solutions:
#   Reduce memory load on the system
#   Increase physical memory or swap space
#   Check if swap backing store is full
#   Decrease Java heap size (-Xmx/-Xms)
#   Decrease number of Java threads
#   Decrease Java thread stack sizes (-Xss)
#   Set larger code cache with -XX:ReservedCodeCacheSize=
#   JVM is running with Zero Based Compressed Oops mode in which the Java heap is
#     placed in the first 32GB address space. The Java Heap base address is the
#     maximum limit for the native heap growth. Please use -XX:HeapBaseMinAddress
#     to set the Java Heap base and to place the Java Heap above 32GB virtual address.
# This output file may be truncated or incomplete.
#
#  Out of Memory Error (os_windows.cpp:3707), pid=19804, tid=11468
#
# JRE version:  (23.0.2+7) (build )
# Java VM: Java HotSpot(TM) 64-Bit Server VM (23.0.2+7-58, mixed mode, sharing, tiered, compressed oops, compressed class ptrs, g1 gc, windows-amd64)
# No core dump will be written. Minidumps are not enabled by default on client versions of Windows
#

---------------  S U M M A R Y ------------

Command Line: -Dclassworlds.conf=D:\iti\web telecom\netbeans\java\maven\bin\m2.conf -Dmaven.home=D:\iti\web telecom\netbeans\java\maven -Dlibrary.jansi.path=D:\iti\web telecom\netbeans\java\maven\lib\jansi-native -Dmaven.multiModuleProjectDirectory=C:\Users\engsh\Desktop\backend org.codehaus.plexus.classworlds.launcher.Launcher -Dmaven.ext.class.path=D:\iti\web telecom\netbeans\java\maven-nblib\netbeans-eventspy.jar --no-transfer-progress install

Host: Intel(R) Core(TM) i7-4810MQ CPU @ 2.80GHz, 8 cores, 15G,  Windows 10 , 64 bit Build 19041 (10.0.19041.5794)
Time: Fri Jun 13 01:47:44 2025 Egypt Daylight Time elapsed time: 0.020939 seconds (0d 0h 0m 0s)

---------------  T H R E A D  ---------------

Current thread (0x00000193508f1760):  JavaThread "Unknown thread" [_thread_in_vm, id=11468, stack(0x0000007c33e00000,0x0000007c33f00000) (1024K)]

Stack: [0x0000007c33e00000,0x0000007c33f00000]
Native frames: (J=compiled Java code, j=interpreted, Vv=VM code, C=native code)
V  [jvm.dll+0x6e0b99]  (no source info available)
V  [jvm.dll+0x87e2b3]  (no source info available)
V  [jvm.dll+0x88073e]  (no source info available)
V  [jvm.dll+0x880e13]  (no source info available)
V  [jvm.dll+0x27b006]  (no source info available)
V  [jvm.dll+0x6dd485]  (no source info available)
V  [jvm.dll+0x6d127a]  (no source info available)
V  [jvm.dll+0x35b50a]  (no source info available)
V  [jvm.dll+0x363916]  (no source info available)
V  [jvm.dll+0x34fe7e]  (no source info available)
V  [jvm.dll+0x350118]  (no source info available)
V  [jvm.dll+0x328aec]  (no source info available)
V  [jvm.dll+0x32978e]  (no source info available)
V  [jvm.dll+0x8449a5]  (no source info available)
V  [jvm.dll+0x3b9a08]  (no source info available)
V  [jvm.dll+0x82d68c]  (no source info available)
V  [jvm.dll+0x454f2e]  (no source info available)
V  [jvm.dll+0x456db1]  (no source info available)
C  [jli.dll+0x52a3]  (no source info available)
C  [ucrtbase.dll+0x21bb2]  (no source info available)
C  [KERNEL32.DLL+0x17374]  (no source info available)
C  [ntdll.dll+0x4cc91]  (no source info available)

Lock stack of current Java thread (top to bottom):


---------------  P R O C E S S  ---------------

Threads class SMR info:
_java_thread_list=0x00007ffa34944618, length=0, elements={
}

Java Threads: ( => current thread )
Total: 0

Other Threads:
  0x0000019352b0f810 WorkerThread "GC Thread#0"                     [id=2772, stack(0x0000007c33f00000,0x0000007c34000000) (1024K)]
  0x0000019352b24840 ConcurrentGCThread "G1 Main Marker"            [id=8840, stack(0x0000007c34000000,0x0000007c34100000) (1024K)]
  0x0000019352b26b00 WorkerThread "G1 Conc#0"                       [id=25228, stack(0x0000007c34100000,0x0000007c34200000) (1024K)]

[error occurred during error reporting (printing all threads), id 0xc0000005, EXCEPTION_ACCESS_VIOLATION (0xc0000005) at pc=0x00007ffa3408c0da]
VM state: not at safepoint (not fully initialized)

VM Mutex/Monitor currently owned by a thread:  ([mutex/lock_event])
[0x00007ffa349c4988] Heap_lock - owner thread: 0x00000193508f1760

Heap address: 0x0000000701600000, size: 4074 MB, Compressed Oops mode: Zero based, Oop shift amount: 3

CDS archive(s) mapped at: [0x0000000000000000-0x0000000000000000-0x0000000000000000), size 0, SharedBaseAddress: 0x0000000800000000, ArchiveRelocationMode: 1.
Narrow klass base: 0x0000000000000000, Narrow klass shift: 0, Narrow klass range: 0x0

GC Precious Log:
 CardTable entry size: 512
 Card Set container configuration: InlinePtr #cards 4 size 8 Array Of Cards #cards 16 size 48 Howl #buckets 8 coarsen threshold 3686 Howl Bitmap #cards 512 size 80 coarsen threshold 460 Card regions per heap region 1 cards per card region 4096

Heap:
 garbage-first heap   total reserved 4171776K, committed 0K, used 0K [0x0000000701600000, 0x0000000800000000)
  region size 2048K, 0 young (0K), 0 survivors (0K)

[error occurred during error reporting (printing heap information), id 0xc0000005, EXCEPTION_ACCESS_VIOLATION (0xc0000005) at pc=0x00007ffa3448c6a9]
GC Heap History (0 events):
No events

Dll operation events (1 events):
Event: 0.011 Loaded shared library C:\Program Files\Java\jdk-23\bin\java.dll

Deoptimization events (0 events):
No events

Classes loaded (0 events):
No events

Classes unloaded (0 events):
No events

Classes redefined (0 events):
No events

Internal exceptions (0 events):
No events

VM Operations (0 events):
No events

Memory protections (0 events):
No events

Nmethod flushes (0 events):
No events

Events (0 events):
No events


Dynamic libraries:
0x00007ff71b5c0000 - 0x00007ff71b5d0000 	C:\Program Files\Java\jdk-23\bin\java.exe
0x00007ffa9c710000 - 0x00007ffa9c908000 	C:\Windows\SYSTEM32\ntdll.dll
0x00007ffa6ff50000 - 0x00007ffa6ff6b000 	C:\Program Files\Avast Software\Avast\aswhook.dll
0x00007ffa9af60000 - 0x00007ffa9b022000 	C:\Windows\System32\KERNEL32.DLL
0x00007ffa99db0000 - 0x00007ffa9a0a6000 	C:\Windows\System32\KERNELBASE.dll
0x00007ffa9a230000 - 0x00007ffa9a330000 	C:\Windows\System32\ucrtbase.dll
0x00007ffa8d300000 - 0x00007ffa8d317000 	C:\Program Files\Java\jdk-23\bin\jli.dll
0x00007ffa8e9e0000 - 0x00007ffa8e9fb000 	C:\Program Files\Java\jdk-23\bin\VCRUNTIME140.dll
0x00007ffa9b030000 - 0x00007ffa9b1cd000 	C:\Windows\System32\USER32.dll
0x00007ffa9a200000 - 0x00007ffa9a222000 	C:\Windows\System32\win32u.dll
0x00007ffa81240000 - 0x00007ffa814da000 	C:\Windows\WinSxS\amd64_microsoft.windows.common-controls_6595b64144ccf1df_6.0.19041.5794_none_60bcd33171f2783c\COMCTL32.dll
0x00007ffa9bae0000 - 0x00007ffa9bb0b000 	C:\Windows\System32\GDI32.dll
0x00007ffa9a740000 - 0x00007ffa9a7de000 	C:\Windows\System32\msvcrt.dll
0x00007ffa9a620000 - 0x00007ffa9a73a000 	C:\Windows\System32\gdi32full.dll
0x00007ffa9a160000 - 0x00007ffa9a1fd000 	C:\Windows\System32\msvcp_win.dll
0x00007ffa9b1d0000 - 0x00007ffa9b1ff000 	C:\Windows\System32\IMM32.DLL
0x00007ffa960b0000 - 0x00007ffa960bc000 	C:\Program Files\Java\jdk-23\bin\vcruntime140_1.dll
0x00007ffa67c00000 - 0x00007ffa67c8e000 	C:\Program Files\Java\jdk-23\bin\msvcp140.dll
0x00007ffa33d50000 - 0x00007ffa34aa0000 	C:\Program Files\Java\jdk-23\bin\server\jvm.dll
0x00007ffa9c530000 - 0x00007ffa9c5df000 	C:\Windows\System32\ADVAPI32.dll
0x00007ffa9b560000 - 0x00007ffa9b5ff000 	C:\Windows\System32\sechost.dll
0x00007ffa9b7f0000 - 0x00007ffa9b913000 	C:\Windows\System32\RPCRT4.dll
0x00007ffa9a0b0000 - 0x00007ffa9a0d7000 	C:\Windows\System32\bcrypt.dll
0x00007ffa9c410000 - 0x00007ffa9c47b000 	C:\Windows\System32\WS2_32.dll
0x00007ffa99340000 - 0x00007ffa9938b000 	C:\Windows\SYSTEM32\POWRPROF.dll
0x00007ffa81860000 - 0x00007ffa81887000 	C:\Windows\SYSTEM32\WINMM.dll
0x00007ffa8ea00000 - 0x00007ffa8ea0a000 	C:\Windows\SYSTEM32\VERSION.dll
0x00007ffa991b0000 - 0x00007ffa991c2000 	C:\Windows\SYSTEM32\UMPDC.dll
0x00007ffa97e10000 - 0x00007ffa97e22000 	C:\Windows\SYSTEM32\kernel.appcore.dll
0x00007ffa95d20000 - 0x00007ffa95d2a000 	C:\Program Files\Java\jdk-23\bin\jimage.dll
0x00007ffa8ca70000 - 0x00007ffa8cc71000 	C:\Windows\SYSTEM32\DBGHELP.DLL
0x00007ffa8ca30000 - 0x00007ffa8ca64000 	C:\Windows\SYSTEM32\dbgcore.DLL
0x00007ffa9a430000 - 0x00007ffa9a4b2000 	C:\Windows\System32\bcryptPrimitives.dll
0x00007ffa8d1f0000 - 0x00007ffa8d20e000 	C:\Program Files\Java\jdk-23\bin\java.dll
0x00007ffa9b9b0000 - 0x00007ffa9badb000 	C:\Windows\System32\ole32.dll
0x00007ffa9b200000 - 0x00007ffa9b553000 	C:\Windows\System32\combase.dll
0x00007ffa9bc90000 - 0x00007ffa9c3fe000 	C:\Windows\System32\SHELL32.dll

dbghelp: loaded successfully - version: 4.0.5 - missing functions: none
symbol engine: initialized successfully - sym options: 0x614 - pdb path: .;C:\Program Files\Java\jdk-23\bin;C:\Windows\SYSTEM32;C:\Program Files\Avast Software\Avast;C:\Windows\WinSxS\amd64_microsoft.windows.common-controls_6595b64144ccf1df_6.0.19041.5794_none_60bcd33171f2783c;C:\Program Files\Java\jdk-23\bin\server

VM Arguments:
jvm_args: -Dclassworlds.conf=D:\iti\web telecom\netbeans\java\maven\bin\m2.conf -Dmaven.home=D:\iti\web telecom\netbeans\java\maven -Dlibrary.jansi.path=D:\iti\web telecom\netbeans\java\maven\lib\jansi-native -Dmaven.multiModuleProjectDirectory=C:\Users\engsh\Desktop\backend 
java_command: org.codehaus.plexus.classworlds.launcher.Launcher -Dmaven.ext.class.path=D:\iti\web telecom\netbeans\java\maven-nblib\netbeans-eventspy.jar --no-transfer-progress install
java_class_path (initial): D:\iti\web telecom\netbeans\java\maven\boot\plexus-classworlds-2.8.0.jar
Launcher Type: SUN_STANDARD

[Global flags]
     intx CICompilerCount                          = 4                                         {product} {ergonomic}
     uint ConcGCThreads                            = 2                                         {product} {ergonomic}
     uint G1ConcRefinementThreads                  = 8                                         {product} {ergonomic}
   size_t G1HeapRegionSize                         = 2097152                                   {product} {ergonomic}
   size_t InitialHeapSize                          = 268435456                                 {product} {ergonomic}
   size_t MarkStackSize                            = 4194304                                   {product} {ergonomic}
   size_t MarkStackSizeMax                         = 536870912                                 {product} {ergonomic}
   size_t MaxHeapSize                              = 4271898624                                {product} {ergonomic}
   size_t MinHeapDeltaBytes                        = 2097152                                   {product} {ergonomic}
   size_t MinHeapSize                              = 8388608                                   {product} {ergonomic}
    uintx NonNMethodCodeHeapSize                   = 5832704                                {pd product} {ergonomic}
    uintx NonProfiledCodeHeapSize                  = 122945536                              {pd product} {ergonomic}
    uintx ProfiledCodeHeapSize                     = 122880000                              {pd product} {ergonomic}
    uintx ReservedCodeCacheSize                    = 251658240                              {pd product} {ergonomic}
     bool SegmentedCodeCache                       = true                                      {product} {ergonomic}
   size_t SoftMaxHeapSize                          = 4271898624                             {manageable} {ergonomic}
     bool UseCompressedOops                        = true                           {product lp64_product} {ergonomic}
     bool UseG1GC                                  = true                                      {product} {ergonomic}
     bool UseLargePagesIndividualAllocation        = false                                  {pd product} {ergonomic}

Logging:
Log output configuration:
 #0: stdout all=warning uptime,level,tags foldmultilines=false
 #1: stderr all=off uptime,level,tags foldmultilines=false

Environment Variables:
JAVA_HOME=C:\Program Files\Java\jdk-23
PATH=C:\Program Files (x86)\VMware\VMware Player\bin\;C:\Program Files\Common Files\Oracle\Java\javapath;C:\Program Files\Java\jdk1.8.0_202\bin;C:\Program Files (x86)\Common Files\Oracle\Java\javapath;C:\Windows\system32;C:\Windows;C:\Windows\System32\Wbem;C:\Windows\System32\WindowsPowerShell\v1.0\;C:\Windows\System32\OpenSSH\;C:\Program Files\Java\jdk-23\bin;C:\maven\apache-maven-3.9.9\bin;D:\iti\rest\apache-tomcat-10.1.35\bin;C:\Program Files\Git\cmd;C:\Program Files\Erlang OTP\bin;C:\Users\engsh\AppData\Local\Microsoft\WindowsApps;C:\Users\engsh\AppData\Local\Programs\Microsoft VS Code\bin;C:\Users\engsh\AppData\Local\Programs\cursor\resources\app\bin;C:\Program Files\MongoDB\Server\8.0\bin;C:\Users\engsh\AppData\Local\GitHubDesktop\bin;C:\ProgramData\engsh\GitHubDesktop\bin
USERNAME=engsh
OS=Windows_NT
PROCESSOR_IDENTIFIER=Intel64 Family 6 Model 60 Stepping 3, GenuineIntel
TMP=C:\Users\engsh\AppData\Local\Temp
TEMP=C:\Users\engsh\AppData\Local\Temp




Periodic native trim disabled

---------------  S Y S T E M  ---------------

OS:
 Windows 10 , 64 bit Build 19041 (10.0.19041.5794)
OS uptime: 7 days 4:31 hours

CPU: total 8 (initial active 8) (4 cores per cpu, 2 threads per core) family 6 model 60 stepping 3 microcode 0x27, cx8, cmov, fxsr, ht, mmx, sse, sse2, sse3, ssse3, sse4.1, sse4.2, popcnt, lzcnt, tsc, tscinvbit, avx, avx2, aes, erms, clmul, bmi1, bmi2, fma, vzeroupper, clflush, rdtscp, f16c
Processor Information for the first 8 processors :
  Max Mhz: 2801, Current Mhz: 2801, Mhz Limit: 2801

Memory: 4k page, system-wide physical 16289M (2040M free)
TotalPageFile size 25963M (AvailPageFile size 27M)
current process WorkingSet (physical memory assigned to process): 12M, peak: 12M
current process commit charge ("private bytes"): 60M, peak: 316M

vm_info: Java HotSpot(TM) 64-Bit Server VM (23.0.2+7-58) for windows-amd64 JRE (23.0.2+7-58), built on 2024-11-29T09:34:55Z with MS VC++ 17.6 (VS2022)

END.
