10-Jun-2025 09:23:46.543 INFO [main] org.apache.catalina.startup.VersionLoggerListener.log Server version name:   Apache Tomcat/11.0.2
10-Jun-2025 09:23:46.548 INFO [main] org.apache.catalina.startup.VersionLoggerListener.log Server built:          Dec 5 2024 15:19:37 UTC
10-Jun-2025 09:23:46.548 INFO [main] org.apache.catalina.startup.VersionLoggerListener.log Server version number: 11.0.2.0
10-Jun-2025 09:23:46.548 INFO [main] org.apache.catalina.startup.VersionLoggerListener.log OS Name:               Windows 10
10-Jun-2025 09:23:46.549 INFO [main] org.apache.catalina.startup.VersionLoggerListener.log OS Version:            10.0
10-Jun-2025 09:23:46.549 INFO [main] org.apache.catalina.startup.VersionLoggerListener.log Architecture:          amd64
10-Jun-2025 09:23:46.549 INFO [main] org.apache.catalina.startup.VersionLoggerListener.log Java Home:             C:\Users\hosny\.jdks\graalvm-jdk-21.0.6
10-Jun-2025 09:23:46.549 INFO [main] org.apache.catalina.startup.VersionLoggerListener.log JVM Version:           21.0.6+8-LTS-jvmci-23.1-b55
10-Jun-2025 09:23:46.549 INFO [main] org.apache.catalina.startup.VersionLoggerListener.log JVM Vendor:            Oracle Corporation
10-Jun-2025 09:23:46.549 INFO [main] org.apache.catalina.startup.VersionLoggerListener.log CATALINA_BASE:         D:\ITI_Prjs\FinalPrj\WebRTC_BackEnd
10-Jun-2025 09:23:46.549 INFO [main] org.apache.catalina.startup.VersionLoggerListener.log CATALINA_HOME:         C:\Program Files\Apache Software Foundation\Tomcat 11.0
10-Jun-2025 09:23:46.557 INFO [main] org.apache.catalina.startup.VersionLoggerListener.log Command line argument: -XX:ThreadPriorityPolicy=1
10-Jun-2025 09:23:46.557 INFO [main] org.apache.catalina.startup.VersionLoggerListener.log Command line argument: -XX:+UnlockExperimentalVMOptions
10-Jun-2025 09:23:46.557 INFO [main] org.apache.catalina.startup.VersionLoggerListener.log Command line argument: -XX:+EnableJVMCIProduct
10-Jun-2025 09:23:46.557 INFO [main] org.apache.catalina.startup.VersionLoggerListener.log Command line argument: -XX:-UnlockExperimentalVMOptions
10-Jun-2025 09:23:46.557 INFO [main] org.apache.catalina.startup.VersionLoggerListener.log Command line argument: --add-opens=java.base/java.lang=ALL-UNNAMED
10-Jun-2025 09:23:46.557 INFO [main] org.apache.catalina.startup.VersionLoggerListener.log Command line argument: --add-opens=java.base/java.io=ALL-UNNAMED
10-Jun-2025 09:23:46.557 INFO [main] org.apache.catalina.startup.VersionLoggerListener.log Command line argument: --add-opens=java.base/java.util=ALL-UNNAMED
10-Jun-2025 09:23:46.557 INFO [main] org.apache.catalina.startup.VersionLoggerListener.log Command line argument: --add-opens=java.base/java.util.concurrent=ALL-UNNAMED
10-Jun-2025 09:23:46.557 INFO [main] org.apache.catalina.startup.VersionLoggerListener.log Command line argument: --add-opens=java.rmi/sun.rmi.transport=ALL-UNNAMED
10-Jun-2025 09:23:46.558 INFO [main] org.apache.catalina.startup.VersionLoggerListener.log Command line argument: -Dcatalina.home=C:\Program Files\Apache Software Foundation\Tomcat 11.0
10-Jun-2025 09:23:46.558 INFO [main] org.apache.catalina.startup.VersionLoggerListener.log Command line argument: -Dcatalina.base=D:\ITI_Prjs\FinalPrj\WebRTC_BackEnd
10-Jun-2025 09:23:46.558 INFO [main] org.apache.catalina.startup.VersionLoggerListener.log Command line argument: -Djava.io.tmpdir=D:\ITI_Prjs\FinalPrj\WebRTC_BackEnd\temp
10-Jun-2025 09:23:46.558 INFO [main] org.apache.catalina.startup.VersionLoggerListener.log Command line argument: -Djava.util.logging.config.file=D:\ITI_Prjs\FinalPrj\WebRTC_BackEnd\conf\logging.properties
10-Jun-2025 09:23:46.558 INFO [main] org.apache.catalina.startup.VersionLoggerListener.log Command line argument: -Djava.util.logging.manager=org.apache.juli.ClassLoaderLogManager
10-Jun-2025 09:23:46.558 INFO [main] org.apache.catalina.startup.VersionLoggerListener.log Command line argument: -javaagent:C:\Program Files\JetBrains\IntelliJ IDEA Community Edition 2024.3.4.1\lib\idea_rt.jar=51779
10-Jun-2025 09:23:46.558 INFO [main] org.apache.catalina.startup.VersionLoggerListener.log Command line argument: -Dfile.encoding=UTF-8
10-Jun-2025 09:23:46.558 INFO [main] org.apache.catalina.startup.VersionLoggerListener.log Command line argument: -Dsun.stdout.encoding=UTF-8
10-Jun-2025 09:23:46.558 INFO [main] org.apache.catalina.startup.VersionLoggerListener.log Command line argument: -Dsun.stderr.encoding=UTF-8
10-Jun-2025 09:23:46.565 INFO [main] org.apache.catalina.core.AprLifecycleListener.lifecycleEvent The Apache Tomcat Native library which allows using OpenSSL was not found on the java.library.path: [C:\Users\hosny\.jdks\graalvm-jdk-21.0.6\bin;C:\Windows\Sun\Java\bin;C:\Windows\system32;C:\Windows;c:\Users\hosny\AppData\Local\Programs\cursor\resources\app\bin;C:\Program Files\Java\jdk-23\bin;C:\Program Files\Common Files\Oracle\Java\javapath;C:\Windows\system32;C:\Windows;C:\Windows\System32\Wbem;C:\Windows\System32\WindowsPowerShell\v1.0\;C:\Windows\System32\OpenSSH\;C:\Program Files (x86)\NVIDIA Corporation\PhysX\Common;C:\Program Files\Cloudflare\Cloudflare WARP\;C:\Users\hosny\AppData\Local\Microsoft\WindowsApps;c:\Users\hosny\AppData\Local\Programs\cursor\resources\app\bin;C:\Program Files (x86)\Microsoft SQL Server\160\Tools\Binn\;C:\Program Files\Microsoft SQL Server\160\Tools\Binn\;C:\Program Files\Microsoft SQL Server\Client SDK\ODBC\170\Tools\Binn\;C:\Program Files\Microsoft SQL Server\160\DTS\Binn\;C:\DEvTools\apache-maven-3.9.9\bin;C:\Windows\System32\ngrok.exe;C:\Program Files\Git\cmd;C:\Program Files\NVIDIA Corporation\NVIDIA app\NvDLISR;C:\Users\hosny\AppData\Local\Microsoft\WindowsApps;C:\Users\hosny\AppData\Local\Programs\Microsoft VS Code\bin;C:\Program Files\JetBrains\IntelliJ IDEA 2024.3.2.2\bin;C:\Users\hosny\AppData\Local\GitHubDesktop\bin;C:\Users\hosny\AppData\Local\JetBrains\Toolbox\scripts;C:\Users\hosny\AppData\Local\Programs\cursor\resources\app\bin;.]
10-Jun-2025 09:23:46.820 INFO [main] org.apache.coyote.AbstractProtocol.init Initializing ProtocolHandler ["http-nio-6060"]
10-Jun-2025 09:23:46.835 INFO [main] org.apache.catalina.startup.Catalina.load Server initialization in [462] milliseconds
10-Jun-2025 09:23:46.877 INFO [main] org.apache.catalina.core.StandardService.startInternal Starting service [Catalina]
10-Jun-2025 09:23:46.877 INFO [main] org.apache.catalina.core.StandardEngine.startInternal Starting Servlet engine: [Apache Tomcat/11.0.2]
10-Jun-2025 09:23:46.886 INFO [main] org.apache.catalina.startup.HostConfig.deployDescriptor Deploying deployment descriptor [D:\ITI_Prjs\FinalPrj\WebRTC_BackEnd\conf\Catalina\localhost\Day2.xml]
10-Jun-2025 09:23:46.899 WARNING [main] org.apache.catalina.startup.HostConfig.deployDescriptor The path attribute with value [/Day2] in deployment descriptor [D:\ITI_Prjs\FinalPrj\WebRTC_BackEnd\conf\Catalina\localhost\Day2.xml] has been ignored
10-Jun-2025 09:23:47.138 INFO [main] org.apache.jasper.servlet.TldScanner.scanJars At least one JAR was scanned for TLDs yet contained no TLDs. Enable debug logging for this logger for a complete list of JARs that were scanned but no TLDs were found in them. Skipping unneeded JARs during scanning can improve startup time and JSP compilation time.
10-Jun-2025 09:23:47.197 INFO [main] org.apache.catalina.startup.HostConfig.deployDescriptor Deployment of deployment descriptor [D:\ITI_Prjs\FinalPrj\WebRTC_BackEnd\conf\Catalina\localhost\Day2.xml] has finished in [310] ms
10-Jun-2025 09:23:47.197 INFO [main] org.apache.catalina.startup.HostConfig.deployDescriptor Deploying deployment descriptor [D:\ITI_Prjs\FinalPrj\WebRTC_BackEnd\conf\Catalina\localhost\JavaDay2.xml]
10-Jun-2025 09:23:47.198 WARNING [main] org.apache.catalina.startup.HostConfig.deployDescriptor The path attribute with value [/JavaDay2] in deployment descriptor [D:\ITI_Prjs\FinalPrj\WebRTC_BackEnd\conf\Catalina\localhost\JavaDay2.xml] has been ignored
10-Jun-2025 09:23:47.693 INFO [main] org.apache.jasper.servlet.TldScanner.scanJars At least one JAR was scanned for TLDs yet contained no TLDs. Enable debug logging for this logger for a complete list of JARs that were scanned but no TLDs were found in them. Skipping unneeded JARs during scanning can improve startup time and JSP compilation time.
10-Jun-2025 09:23:47.696 INFO [main] org.apache.catalina.startup.HostConfig.deployDescriptor Deployment of deployment descriptor [D:\ITI_Prjs\FinalPrj\WebRTC_BackEnd\conf\Catalina\localhost\JavaDay2.xml] has finished in [499] ms
10-Jun-2025 09:23:47.697 INFO [main] org.apache.catalina.startup.HostConfig.deployDescriptor Deploying deployment descriptor [D:\ITI_Prjs\FinalPrj\WebRTC_BackEnd\conf\Catalina\localhost\WebApplication1.xml]
10-Jun-2025 09:23:47.698 WARNING [main] org.apache.catalina.startup.HostConfig.deployDescriptor The path attribute with value [/WebApplication1] in deployment descriptor [D:\ITI_Prjs\FinalPrj\WebRTC_BackEnd\conf\Catalina\localhost\WebApplication1.xml] has been ignored
10-Jun-2025 09:23:47.985 INFO [main] org.apache.jasper.servlet.TldScanner.scanJars At least one JAR was scanned for TLDs yet contained no TLDs. Enable debug logging for this logger for a complete list of JARs that were scanned but no TLDs were found in them. Skipping unneeded JARs during scanning can improve startup time and JSP compilation time.
10-Jun-2025 09:23:47.988 INFO [main] org.apache.catalina.startup.HostConfig.deployDescriptor Deployment of deployment descriptor [D:\ITI_Prjs\FinalPrj\WebRTC_BackEnd\conf\Catalina\localhost\WebApplication1.xml] has finished in [292] ms
10-Jun-2025 09:23:47.988 INFO [main] org.apache.catalina.startup.HostConfig.deployDescriptor Deploying deployment descriptor [D:\ITI_Prjs\FinalPrj\WebRTC_BackEnd\conf\Catalina\localhost\WebDevDar3_2.xml]
10-Jun-2025 09:23:47.989 WARNING [main] org.apache.catalina.startup.HostConfig.deployDescriptor The path attribute with value [/WebDevDar3_2] in deployment descriptor [D:\ITI_Prjs\FinalPrj\WebRTC_BackEnd\conf\Catalina\localhost\WebDevDar3_2.xml] has been ignored
10-Jun-2025 09:23:48.018 INFO [main] org.apache.catalina.startup.HostConfig.deployDescriptor Deployment of deployment descriptor [D:\ITI_Prjs\FinalPrj\WebRTC_BackEnd\conf\Catalina\localhost\WebDevDar3_2.xml] has finished in [29] ms
10-Jun-2025 09:23:48.018 INFO [main] org.apache.catalina.startup.HostConfig.deployDescriptor Deploying deployment descriptor [D:\ITI_Prjs\FinalPrj\WebRTC_BackEnd\conf\Catalina\localhost\WebDEvDay4.xml]
10-Jun-2025 09:23:48.019 WARNING [main] org.apache.catalina.startup.HostConfig.deployDescriptor The path attribute with value [/WebDEvDay4] in deployment descriptor [D:\ITI_Prjs\FinalPrj\WebRTC_BackEnd\conf\Catalina\localhost\WebDEvDay4.xml] has been ignored
10-Jun-2025 09:23:48.218 SEVERE [main] org.apache.catalina.startup.HostConfig.deployDescriptor Error deploying deployment descriptor [D:\ITI_Prjs\FinalPrj\WebRTC_BackEnd\conf\Catalina\localhost\WebDEvDay4.xml]
	java.lang.IllegalStateException: Error starting child
		at org.apache.catalina.core.ContainerBase.addChild(ContainerBase.java:569)
		at org.apache.catalina.core.StandardHost.addChild(StandardHost.java:653)
		at org.apache.catalina.startup.HostConfig.deployDescriptor(HostConfig.java:599)
		at org.apache.catalina.startup.HostConfig$DeployDescriptor.run(HostConfig.java:1853)
		at java.base/java.util.concurrent.Executors$RunnableAdapter.call(Executors.java:572)
		at java.base/java.util.concurrent.FutureTask.run(FutureTask.java:317)
		at org.apache.tomcat.util.threads.InlineExecutorService.execute(InlineExecutorService.java:75)
		at java.base/java.util.concurrent.AbstractExecutorService.submit(AbstractExecutorService.java:123)
		at org.apache.catalina.startup.HostConfig.deployDescriptors(HostConfig.java:494)
		at org.apache.catalina.startup.HostConfig.deployApps(HostConfig.java:385)
		at org.apache.catalina.startup.HostConfig.start(HostConfig.java:1593)
		at org.apache.catalina.startup.HostConfig.lifecycleEvent(HostConfig.java:267)
		at org.apache.catalina.util.LifecycleBase.fireLifecycleEvent(LifecycleBase.java:109)
		at org.apache.catalina.util.LifecycleBase.setStateInternal(LifecycleBase.java:389)
		at org.apache.catalina.util.LifecycleBase.setState(LifecycleBase.java:336)
		at org.apache.catalina.core.ContainerBase.startInternal(ContainerBase.java:743)
		at org.apache.catalina.core.StandardHost.startInternal(StandardHost.java:771)
		at org.apache.catalina.util.LifecycleBase.start(LifecycleBase.java:164)
		at org.apache.catalina.core.ContainerBase$StartChild.call(ContainerBase.java:1170)
		at org.apache.catalina.core.ContainerBase$StartChild.call(ContainerBase.java:1160)
		at java.base/java.util.concurrent.FutureTask.run(FutureTask.java:317)
		at org.apache.tomcat.util.threads.InlineExecutorService.execute(InlineExecutorService.java:75)
		at java.base/java.util.concurrent.AbstractExecutorService.submit(AbstractExecutorService.java:145)
		at org.apache.catalina.core.ContainerBase.startInternal(ContainerBase.java:716)
		at org.apache.catalina.core.StandardEngine.startInternal(StandardEngine.java:203)
		at org.apache.catalina.util.LifecycleBase.start(LifecycleBase.java:164)
		at org.apache.catalina.core.StandardService.startInternal(StandardService.java:415)
		at org.apache.catalina.util.LifecycleBase.start(LifecycleBase.java:164)
		at org.apache.catalina.core.StandardServer.startInternal(StandardServer.java:866)
		at org.apache.catalina.util.LifecycleBase.start(LifecycleBase.java:164)
		at org.apache.catalina.startup.Catalina.start(Catalina.java:759)
		at java.base/jdk.internal.reflect.DirectMethodHandleAccessor.invoke(DirectMethodHandleAccessor.java:103)
		at java.base/java.lang.reflect.Method.invoke(Method.java:580)
		at org.apache.catalina.startup.Bootstrap.start(Bootstrap.java:342)
		at org.apache.catalina.startup.Bootstrap.main(Bootstrap.java:470)
	Caused by: org.apache.catalina.LifecycleException: Failed to start component [StandardEngine[Catalina].StandardHost[localhost].StandardContext[/WebDEvDay4]]
		at org.apache.catalina.util.LifecycleBase.handleSubClassException(LifecycleBase.java:406)
		at org.apache.catalina.util.LifecycleBase.start(LifecycleBase.java:179)
		at org.apache.catalina.core.ContainerBase.addChild(ContainerBase.java:566)
		... 34 more
	Caused by: java.lang.IllegalArgumentException: Error page location [..\Error404.html] must start with a '/'
		at org.apache.catalina.core.StandardContext.addErrorPage(StandardContext.java:2683)
		at org.apache.catalina.startup.ContextConfig.configureContext(ContextConfig.java:1406)
		at org.apache.catalina.startup.ContextConfig.webConfig(ContextConfig.java:1299)
		at org.apache.catalina.startup.ContextConfig.configureStart(ContextConfig.java:973)
		at org.apache.catalina.startup.ContextConfig.lifecycleEvent(ContextConfig.java:290)
		at org.apache.catalina.util.LifecycleBase.fireLifecycleEvent(LifecycleBase.java:109)
		at org.apache.catalina.core.StandardContext.startInternal(StandardContext.java:4311)
		at org.apache.catalina.util.LifecycleBase.start(LifecycleBase.java:164)
		... 35 more
10-Jun-2025 09:23:48.221 INFO [main] org.apache.catalina.startup.HostConfig.deployDescriptor Deployment of deployment descriptor [D:\ITI_Prjs\FinalPrj\WebRTC_BackEnd\conf\Catalina\localhost\WebDEvDay4.xml] has finished in [203] ms
10-Jun-2025 09:23:48.222 INFO [main] org.apache.catalina.startup.HostConfig.deployDescriptor Deploying deployment descriptor [D:\ITI_Prjs\FinalPrj\WebRTC_BackEnd\conf\Catalina\localhost\WebRTC_BackEnd.xml]
10-Jun-2025 09:23:49.017 INFO [main] org.apache.jasper.servlet.TldScanner.scanJars At least one JAR was scanned for TLDs yet contained no TLDs. Enable debug logging for this logger for a complete list of JARs that were scanned but no TLDs were found in them. Skipping unneeded JARs during scanning can improve startup time and JSP compilation time.
10-Jun-2025 09:23:49.020 INFO [main] org.apache.catalina.startup.HostConfig.deployDescriptor Deployment of deployment descriptor [D:\ITI_Prjs\FinalPrj\WebRTC_BackEnd\conf\Catalina\localhost\WebRTC_BackEnd.xml] has finished in [797] ms
10-Jun-2025 09:23:49.022 INFO [main] org.apache.coyote.AbstractProtocol.start Starting ProtocolHandler ["http-nio-6060"]
10-Jun-2025 09:23:49.042 INFO [main] org.apache.catalina.startup.Catalina.start Server startup in [2205] milliseconds
10-Jun-2025 09:24:12.002 INFO [Thread-1] org.apache.coyote.AbstractProtocol.pause Pausing ProtocolHandler ["http-nio-6060"]
10-Jun-2025 09:24:12.007 INFO [Thread-1] org.apache.catalina.core.StandardService.stopInternal Stopping service [Catalina]
10-Jun-2025 09:24:12.021 INFO [Thread-1] org.apache.coyote.AbstractProtocol.stop Stopping ProtocolHandler ["http-nio-6060"]
10-Jun-2025 09:24:12.042 INFO [Thread-1] org.apache.coyote.AbstractProtocol.destroy Destroying ProtocolHandler ["http-nio-6060"]
