14-Jun-2025 07:22:27.326 INFO [main] org.apache.catalina.startup.VersionLoggerListener.log Server version name:   Apache Tomcat/9.0.100
14-Jun-2025 07:22:27.330 INFO [main] org.apache.catalina.startup.VersionLoggerListener.log Server built:          Feb 13 2025 11:29:56 UTC
14-Jun-2025 07:22:27.331 INFO [main] org.apache.catalina.startup.VersionLoggerListener.log Server version number: 9.0.100.0
14-Jun-2025 07:22:27.331 INFO [main] org.apache.catalina.startup.VersionLoggerListener.log OS Name:               Windows 10
14-Jun-2025 07:22:27.331 INFO [main] org.apache.catalina.startup.VersionLoggerListener.log OS Version:            10.0
14-Jun-2025 07:22:27.331 INFO [main] org.apache.catalina.startup.VersionLoggerListener.log Architecture:          amd64
14-Jun-2025 07:22:27.331 INFO [main] org.apache.catalina.startup.VersionLoggerListener.log Java Home:             C:\Users\hosny\.jdks\graalvm-jdk-21.0.6
14-Jun-2025 07:22:27.331 INFO [main] org.apache.catalina.startup.VersionLoggerListener.log JVM Version:           21.0.6+8-LTS-jvmci-23.1-b55
14-Jun-2025 07:22:27.331 INFO [main] org.apache.catalina.startup.VersionLoggerListener.log JVM Vendor:            Oracle Corporation
14-Jun-2025 07:22:27.331 INFO [main] org.apache.catalina.startup.VersionLoggerListener.log CATALINA_BASE:         D:\ITI_Prjs\FinalPrj\backend2
14-Jun-2025 07:22:27.331 INFO [main] org.apache.catalina.startup.VersionLoggerListener.log CATALINA_HOME:         C:\Program Files\Apache Software Foundation\Tomcat 9.0
14-Jun-2025 07:22:27.338 INFO [main] org.apache.catalina.startup.VersionLoggerListener.log Command line argument: -XX:ThreadPriorityPolicy=1
14-Jun-2025 07:22:27.338 INFO [main] org.apache.catalina.startup.VersionLoggerListener.log Command line argument: -XX:+UnlockExperimentalVMOptions
14-Jun-2025 07:22:27.338 INFO [main] org.apache.catalina.startup.VersionLoggerListener.log Command line argument: -XX:+EnableJVMCIProduct
14-Jun-2025 07:22:27.338 INFO [main] org.apache.catalina.startup.VersionLoggerListener.log Command line argument: -XX:-UnlockExperimentalVMOptions
14-Jun-2025 07:22:27.338 INFO [main] org.apache.catalina.startup.VersionLoggerListener.log Command line argument: --add-opens=java.base/java.lang=ALL-UNNAMED
14-Jun-2025 07:22:27.338 INFO [main] org.apache.catalina.startup.VersionLoggerListener.log Command line argument: --add-opens=java.base/java.io=ALL-UNNAMED
14-Jun-2025 07:22:27.339 INFO [main] org.apache.catalina.startup.VersionLoggerListener.log Command line argument: --add-opens=java.base/java.util=ALL-UNNAMED
14-Jun-2025 07:22:27.339 INFO [main] org.apache.catalina.startup.VersionLoggerListener.log Command line argument: --add-opens=java.base/java.util.concurrent=ALL-UNNAMED
14-Jun-2025 07:22:27.339 INFO [main] org.apache.catalina.startup.VersionLoggerListener.log Command line argument: --add-opens=java.rmi/sun.rmi.transport=ALL-UNNAMED
14-Jun-2025 07:22:27.339 INFO [main] org.apache.catalina.startup.VersionLoggerListener.log Command line argument: -Dcatalina.home=C:\Program Files\Apache Software Foundation\Tomcat 9.0
14-Jun-2025 07:22:27.339 INFO [main] org.apache.catalina.startup.VersionLoggerListener.log Command line argument: -Dcatalina.base=D:\ITI_Prjs\FinalPrj\backend2
14-Jun-2025 07:22:27.339 INFO [main] org.apache.catalina.startup.VersionLoggerListener.log Command line argument: -Djava.io.tmpdir=D:\ITI_Prjs\FinalPrj\backend2\temp
14-Jun-2025 07:22:27.339 INFO [main] org.apache.catalina.startup.VersionLoggerListener.log Command line argument: -Djava.util.logging.config.file=D:\ITI_Prjs\FinalPrj\backend2\conf\logging.properties
14-Jun-2025 07:22:27.339 INFO [main] org.apache.catalina.startup.VersionLoggerListener.log Command line argument: -Djava.util.logging.manager=org.apache.juli.ClassLoaderLogManager
14-Jun-2025 07:22:27.339 INFO [main] org.apache.catalina.startup.VersionLoggerListener.log Command line argument: -javaagent:C:\Program Files\JetBrains\IntelliJ IDEA Community Edition 2024.3.4.1\lib\idea_rt.jar=64661
14-Jun-2025 07:22:27.339 INFO [main] org.apache.catalina.startup.VersionLoggerListener.log Command line argument: -Dfile.encoding=UTF-8
14-Jun-2025 07:22:27.339 INFO [main] org.apache.catalina.startup.VersionLoggerListener.log Command line argument: -Dsun.stdout.encoding=UTF-8
14-Jun-2025 07:22:27.339 INFO [main] org.apache.catalina.startup.VersionLoggerListener.log Command line argument: -Dsun.stderr.encoding=UTF-8
14-Jun-2025 07:22:27.347 INFO [main] org.apache.catalina.core.AprLifecycleListener.lifecycleEvent The Apache Tomcat Native library which allows using OpenSSL was not found on the java.library.path: [C:\Users\hosny\.jdks\graalvm-jdk-21.0.6\bin;C:\Windows\Sun\Java\bin;C:\Windows\system32;C:\Windows;c:\Users\hosny\AppData\Local\Programs\cursor\resources\app\bin;C:\Program Files\Java\jdk-23\bin;C:\Program Files\Common Files\Oracle\Java\javapath;C:\Windows\system32;C:\Windows;C:\Windows\System32\Wbem;C:\Windows\System32\WindowsPowerShell\v1.0\;C:\Windows\System32\OpenSSH\;C:\Program Files (x86)\NVIDIA Corporation\PhysX\Common;C:\Program Files\Cloudflare\Cloudflare WARP\;C:\Users\hosny\AppData\Local\Microsoft\WindowsApps;c:\Users\hosny\AppData\Local\Programs\cursor\resources\app\bin;C:\Program Files (x86)\Microsoft SQL Server\160\Tools\Binn\;C:\Program Files\Microsoft SQL Server\160\Tools\Binn\;C:\Program Files\Microsoft SQL Server\Client SDK\ODBC\170\Tools\Binn\;C:\Program Files\Microsoft SQL Server\160\DTS\Binn\;C:\DEvTools\apache-maven-3.9.9\bin;C:\Windows\System32\ngrok.exe;C:\Program Files\Git\cmd;C:\Program Files\NVIDIA Corporation\NVIDIA app\NvDLISR;C:\Users\hosny\AppData\Local\Microsoft\WindowsApps;C:\Users\hosny\AppData\Local\Programs\Microsoft VS Code\bin;C:\Program Files\JetBrains\IntelliJ IDEA 2024.3.2.2\bin;C:\Users\hosny\AppData\Local\GitHubDesktop\bin;C:\Users\hosny\AppData\Local\JetBrains\Toolbox\scripts;C:\Users\hosny\AppData\Local\Programs\cursor\resources\app\bin;C:\Users\hosny\AppData\Local\Programs\Windsurf\bin;.]
14-Jun-2025 07:22:27.715 INFO [main] org.apache.coyote.AbstractProtocol.init Initializing ProtocolHandler ["http-nio-8080"]
14-Jun-2025 07:22:27.726 SEVERE [main] org.apache.catalina.util.LifecycleBase.handleSubClassException Failed to initialize component [Connector["http-nio-8080"]]
	org.apache.catalina.LifecycleException: Protocol handler initialization failed
		at org.apache.catalina.connector.Connector.initInternal(Connector.java:1048)
		at org.apache.catalina.util.LifecycleBase.init(LifecycleBase.java:122)
		at org.apache.catalina.core.StandardService.initInternal(StandardService.java:525)
		at org.apache.catalina.util.LifecycleBase.init(LifecycleBase.java:122)
		at org.apache.catalina.core.StandardServer.initInternal(StandardServer.java:986)
		at org.apache.catalina.util.LifecycleBase.init(LifecycleBase.java:122)
		at org.apache.catalina.startup.Catalina.load(Catalina.java:690)
		at org.apache.catalina.startup.Catalina.load(Catalina.java:713)
		at java.base/jdk.internal.reflect.DirectMethodHandleAccessor.invoke(DirectMethodHandleAccessor.java:103)
		at java.base/java.lang.reflect.Method.invoke(Method.java:580)
		at org.apache.catalina.startup.Bootstrap.load(Bootstrap.java:302)
		at org.apache.catalina.startup.Bootstrap.main(Bootstrap.java:472)
	Caused by: java.net.BindException: Address already in use: bind
		at java.base/sun.nio.ch.Net.bind0(Native Method)
		at java.base/sun.nio.ch.Net.bind(Net.java:565)
		at java.base/sun.nio.ch.ServerSocketChannelImpl.netBind(ServerSocketChannelImpl.java:344)
		at java.base/sun.nio.ch.ServerSocketChannelImpl.bind(ServerSocketChannelImpl.java:301)
		at org.apache.tomcat.util.net.NioEndpoint.initServerSocket(NioEndpoint.java:268)
		at org.apache.tomcat.util.net.NioEndpoint.bind(NioEndpoint.java:223)
		at org.apache.tomcat.util.net.AbstractEndpoint.bindWithCleanup(AbstractEndpoint.java:1373)
		at org.apache.tomcat.util.net.AbstractEndpoint.init(AbstractEndpoint.java:1386)
		at org.apache.coyote.AbstractProtocol.init(AbstractProtocol.java:663)
		at org.apache.coyote.http11.AbstractHttp11Protocol.init(AbstractHttp11Protocol.java:80)
		at org.apache.catalina.connector.Connector.initInternal(Connector.java:1046)
		... 11 more
14-Jun-2025 07:22:27.727 INFO [main] org.apache.catalina.startup.Catalina.load Server initialization in [582] milliseconds
14-Jun-2025 07:22:27.773 INFO [main] org.apache.catalina.core.StandardService.startInternal Starting service [Catalina]
14-Jun-2025 07:22:27.774 INFO [main] org.apache.catalina.core.StandardEngine.startInternal Starting Servlet engine: [Apache Tomcat/9.0.100]
14-Jun-2025 07:22:27.784 INFO [main] org.apache.catalina.startup.HostConfig.deployDescriptor Deploying deployment descriptor [D:\ITI_Prjs\FinalPrj\backend2\conf\Catalina\localhost\Day2.xml]
14-Jun-2025 07:22:27.800 WARNING [main] org.apache.catalina.startup.HostConfig.deployDescriptor The path attribute with value [/Day2] in deployment descriptor [D:\ITI_Prjs\FinalPrj\backend2\conf\Catalina\localhost\Day2.xml] has been ignored
14-Jun-2025 07:22:27.919 WARNING [main] org.apache.tomcat.util.descriptor.web.WebXml.setVersion Unknown version string [6.1]. Default version will be used.
14-Jun-2025 07:22:28.102 INFO [main] org.apache.jasper.servlet.TldScanner.scanJars At least one JAR was scanned for TLDs yet contained no TLDs. Enable debug logging for this logger for a complete list of JARs that were scanned but no TLDs were found in them. Skipping unneeded JARs during scanning can improve startup time and JSP compilation time.
14-Jun-2025 07:22:28.159 INFO [main] org.apache.catalina.startup.HostConfig.deployDescriptor Deployment of deployment descriptor [D:\ITI_Prjs\FinalPrj\backend2\conf\Catalina\localhost\Day2.xml] has finished in [375] ms
14-Jun-2025 07:22:28.159 INFO [main] org.apache.catalina.startup.HostConfig.deployDescriptor Deploying deployment descriptor [D:\ITI_Prjs\FinalPrj\backend2\conf\Catalina\localhost\JavaDay2.xml]
14-Jun-2025 07:22:28.160 WARNING [main] org.apache.catalina.startup.HostConfig.deployDescriptor The path attribute with value [/JavaDay2] in deployment descriptor [D:\ITI_Prjs\FinalPrj\backend2\conf\Catalina\localhost\JavaDay2.xml] has been ignored
14-Jun-2025 07:22:28.682 INFO [main] org.apache.jasper.servlet.TldScanner.scanJars At least one JAR was scanned for TLDs yet contained no TLDs. Enable debug logging for this logger for a complete list of JARs that were scanned but no TLDs were found in them. Skipping unneeded JARs during scanning can improve startup time and JSP compilation time.
14-Jun-2025 07:22:28.686 INFO [main] org.apache.catalina.startup.HostConfig.deployDescriptor Deployment of deployment descriptor [D:\ITI_Prjs\FinalPrj\backend2\conf\Catalina\localhost\JavaDay2.xml] has finished in [527] ms
14-Jun-2025 07:22:28.686 INFO [main] org.apache.catalina.startup.HostConfig.deployDescriptor Deploying deployment descriptor [D:\ITI_Prjs\FinalPrj\backend2\conf\Catalina\localhost\WebApplication1.xml]
14-Jun-2025 07:22:28.687 WARNING [main] org.apache.catalina.startup.HostConfig.deployDescriptor The path attribute with value [/WebApplication1] in deployment descriptor [D:\ITI_Prjs\FinalPrj\backend2\conf\Catalina\localhost\WebApplication1.xml] has been ignored
14-Jun-2025 07:22:28.980 INFO [main] org.apache.jasper.servlet.TldScanner.scanJars At least one JAR was scanned for TLDs yet contained no TLDs. Enable debug logging for this logger for a complete list of JARs that were scanned but no TLDs were found in them. Skipping unneeded JARs during scanning can improve startup time and JSP compilation time.
14-Jun-2025 07:22:28.983 INFO [main] org.apache.catalina.startup.HostConfig.deployDescriptor Deployment of deployment descriptor [D:\ITI_Prjs\FinalPrj\backend2\conf\Catalina\localhost\WebApplication1.xml] has finished in [297] ms
14-Jun-2025 07:22:28.984 INFO [main] org.apache.catalina.startup.HostConfig.deployDescriptor Deploying deployment descriptor [D:\ITI_Prjs\FinalPrj\backend2\conf\Catalina\localhost\WebDevDar3_2.xml]
14-Jun-2025 07:22:28.984 WARNING [main] org.apache.catalina.startup.HostConfig.deployDescriptor The path attribute with value [/WebDevDar3_2] in deployment descriptor [D:\ITI_Prjs\FinalPrj\backend2\conf\Catalina\localhost\WebDevDar3_2.xml] has been ignored
14-Jun-2025 07:22:29.015 INFO [main] org.apache.catalina.startup.HostConfig.deployDescriptor Deployment of deployment descriptor [D:\ITI_Prjs\FinalPrj\backend2\conf\Catalina\localhost\WebDevDar3_2.xml] has finished in [31] ms
14-Jun-2025 07:22:29.016 INFO [main] org.apache.catalina.startup.HostConfig.deployDescriptor Deploying deployment descriptor [D:\ITI_Prjs\FinalPrj\backend2\conf\Catalina\localhost\WebDEvDay4.xml]
14-Jun-2025 07:22:29.016 WARNING [main] org.apache.catalina.startup.HostConfig.deployDescriptor The path attribute with value [/WebDEvDay4] in deployment descriptor [D:\ITI_Prjs\FinalPrj\backend2\conf\Catalina\localhost\WebDEvDay4.xml] has been ignored
14-Jun-2025 07:22:29.235 SEVERE [main] org.apache.catalina.startup.HostConfig.deployDescriptor Error deploying deployment descriptor [D:\ITI_Prjs\FinalPrj\backend2\conf\Catalina\localhost\WebDEvDay4.xml]
	java.lang.IllegalStateException: Error starting child
		at org.apache.catalina.core.ContainerBase.addChildInternal(ContainerBase.java:602)
		at org.apache.catalina.core.ContainerBase.addChild(ContainerBase.java:571)
		at org.apache.catalina.core.StandardHost.addChild(StandardHost.java:603)
		at org.apache.catalina.startup.HostConfig.deployDescriptor(HostConfig.java:680)
		at org.apache.catalina.startup.HostConfig$DeployDescriptor.run(HostConfig.java:1844)
		at java.base/java.util.concurrent.Executors$RunnableAdapter.call(Executors.java:572)
		at java.base/java.util.concurrent.FutureTask.run(FutureTask.java:317)
		at org.apache.tomcat.util.threads.InlineExecutorService.execute(InlineExecutorService.java:75)
		at java.base/java.util.concurrent.AbstractExecutorService.submit(AbstractExecutorService.java:123)
		at org.apache.catalina.startup.HostConfig.deployDescriptors(HostConfig.java:575)
		at org.apache.catalina.startup.HostConfig.deployApps(HostConfig.java:466)
		at org.apache.catalina.startup.HostConfig.start(HostConfig.java:1584)
		at org.apache.catalina.startup.HostConfig.lifecycleEvent(HostConfig.java:312)
		at org.apache.catalina.util.LifecycleBase.fireLifecycleEvent(LifecycleBase.java:109)
		at org.apache.catalina.util.LifecycleBase.setStateInternal(LifecycleBase.java:389)
		at org.apache.catalina.util.LifecycleBase.setState(LifecycleBase.java:336)
		at org.apache.catalina.core.ContainerBase.startInternal(ContainerBase.java:776)
		at org.apache.catalina.core.StandardHost.startInternal(StandardHost.java:721)
		at org.apache.catalina.util.LifecycleBase.start(LifecycleBase.java:164)
		at org.apache.catalina.core.ContainerBase$StartChild.call(ContainerBase.java:1203)
		at org.apache.catalina.core.ContainerBase$StartChild.call(ContainerBase.java:1193)
		at java.base/java.util.concurrent.FutureTask.run(FutureTask.java:317)
		at org.apache.tomcat.util.threads.InlineExecutorService.execute(InlineExecutorService.java:75)
		at java.base/java.util.concurrent.AbstractExecutorService.submit(AbstractExecutorService.java:145)
		at org.apache.catalina.core.ContainerBase.startInternal(ContainerBase.java:749)
		at org.apache.catalina.core.StandardEngine.startInternal(StandardEngine.java:211)
		at org.apache.catalina.util.LifecycleBase.start(LifecycleBase.java:164)
		at org.apache.catalina.core.StandardService.startInternal(StandardService.java:415)
		at org.apache.catalina.util.LifecycleBase.start(LifecycleBase.java:164)
		at org.apache.catalina.core.StandardServer.startInternal(StandardServer.java:874)
		at org.apache.catalina.util.LifecycleBase.start(LifecycleBase.java:164)
		at org.apache.catalina.startup.Catalina.start(Catalina.java:739)
		at java.base/jdk.internal.reflect.DirectMethodHandleAccessor.invoke(DirectMethodHandleAccessor.java:103)
		at java.base/java.lang.reflect.Method.invoke(Method.java:580)
		at org.apache.catalina.startup.Bootstrap.start(Bootstrap.java:345)
		at org.apache.catalina.startup.Bootstrap.main(Bootstrap.java:473)
	Caused by: org.apache.catalina.LifecycleException: Failed to start component [StandardEngine[Catalina].StandardHost[localhost].StandardContext[/WebDEvDay4]]
		at org.apache.catalina.util.LifecycleBase.handleSubClassException(LifecycleBase.java:406)
		at org.apache.catalina.util.LifecycleBase.start(LifecycleBase.java:179)
		at org.apache.catalina.core.ContainerBase.addChildInternal(ContainerBase.java:599)
		... 35 more
	Caused by: java.lang.IllegalArgumentException: Error page location [..\Error404.html] must start with a '/'
		at org.apache.catalina.core.StandardContext.addErrorPage(StandardContext.java:2676)
		at org.apache.catalina.startup.ContextConfig.configureContext(ContextConfig.java:1406)
		at org.apache.catalina.startup.ContextConfig.webConfig(ContextConfig.java:1299)
		at org.apache.catalina.startup.ContextConfig.configureStart(ContextConfig.java:973)
		at org.apache.catalina.startup.ContextConfig.lifecycleEvent(ContextConfig.java:290)
		at org.apache.catalina.util.LifecycleBase.fireLifecycleEvent(LifecycleBase.java:109)
		at org.apache.catalina.core.StandardContext.startInternal(StandardContext.java:4407)
		at org.apache.catalina.util.LifecycleBase.start(LifecycleBase.java:164)
		... 36 more
14-Jun-2025 07:22:29.239 INFO [main] org.apache.catalina.startup.HostConfig.deployDescriptor Deployment of deployment descriptor [D:\ITI_Prjs\FinalPrj\backend2\conf\Catalina\localhost\WebDEvDay4.xml] has finished in [222] ms
14-Jun-2025 07:22:29.239 INFO [main] org.apache.catalina.startup.HostConfig.deployDescriptor Deploying deployment descriptor [D:\ITI_Prjs\FinalPrj\backend2\conf\Catalina\localhost\WebRTC_BackEnd.xml]
14-Jun-2025 07:22:29.240 WARNING [main] org.apache.catalina.startup.HostConfig.deployDescriptor The path attribute with value [/WebRTC_BackEnd] in deployment descriptor [D:\ITI_Prjs\FinalPrj\backend2\conf\Catalina\localhost\WebRTC_BackEnd.xml] has been ignored
14-Jun-2025 07:22:30.380 INFO [main] org.apache.jasper.servlet.TldScanner.scanJars At least one JAR was scanned for TLDs yet contained no TLDs. Enable debug logging for this logger for a complete list of JARs that were scanned but no TLDs were found in them. Skipping unneeded JARs during scanning can improve startup time and JSP compilation time.
14-Jun-2025 07:22:30.402 INFO [main] org.apache.catalina.startup.HostConfig.deployDescriptor Deployment of deployment descriptor [D:\ITI_Prjs\FinalPrj\backend2\conf\Catalina\localhost\WebRTC_BackEnd.xml] has finished in [1,163] ms
14-Jun-2025 07:22:30.405 INFO [main] org.apache.catalina.startup.Catalina.start Server startup in [2678] milliseconds
